<?xml version="1.0" encoding="UTF-8"?>
<!-- Generated by org.testng.reporters.JUnitXMLReporter -->
<testsuite hostname="DESKTOP-TLNVACJ" ignored="0" name="Smoke Test one" tests="26" failures="0" timestamp="28 Nov 2020 08:33:10 GMT" time="165.45" errors="0">
  <testcase name="operationSearchBar" time="10.558" classname="testScenarios.UrbanLadder"/>
  <testcase name="operationCategoryMenu" time="9.427" classname="testScenarios.UrbanLadder"/>
  <testcase name="operationPriceSelect" time="4.621" classname="testScenarios.UrbanLadder"/>
  <testcase name="operationStorageSelect" time="7.195" classname="testScenarios.UrbanLadder"/>
  <testcase name="print" time="8.623" classname="testScenarios.UrbanLadder"/>
  <testcase name="testCaseReadExl" time="0.124" classname="testScenarios.UrbanLadder"/>
  <testcase name="operationSearch" time="12.22" classname="testScenarios.UrbanLadder"/>
  <testcase name="operationCategory" time="5.067" classname="testScenarios.UrbanLadder"/>
  <testcase name="operationPrice" time="7.702" classname="testScenarios.UrbanLadder"/>
  <testcase name="operationStorage" time="7.778" classname="testScenarios.UrbanLadder"/>
  <testcase name="operationstock" time="8.723" classname="testScenarios.UrbanLadder"/>
  <testcase name="toExcelWrite" time="0.382" classname="testScenarios.UrbanLadder"/>
  <testcase name="getBeingAtHomeCollections" time="5.66" classname="testScenarios.UrbanLadder"/>
  <testcase name="testcase_clickGiftCards" time="12.071" classname="testScenarios.UrbanLadder"/>
  <testcase name="testcase_selectGiftCards" time="1.122" classname="testScenarios.UrbanLadder"/>
  <testcase name="testcase_customiseGiftCard" time="0.44" classname="testScenarios.UrbanLadder"/>
  <testcase name="testcase_FillDetails" time="5.33" classname="testScenarios.UrbanLadder"/>
  <testcase name="errorMessage" time="4.054" classname="testScenarios.UrbanLadder"/>
  <testcase name="write_ErrorMessage" time="0.074" classname="testScenarios.UrbanLadder"/>
  <testcase name="ScreenShot" time="0.503" classname="testScenarios.UrbanLadder"/>
  <testcase name="testcase_readExcelDataValid" time="0.047" classname="testScenarios.UrbanLadder"/>
  <testcase name="testcase_FillValidDetails" time="1.152" classname="testScenarios.UrbanLadder"/>
  <testcase name="proceedToPayment" time="9.677" classname="testScenarios.UrbanLadder"/>
  <testcase name="studyChairSearch" time="11.132" classname="testScenarios.UrbanLadder"/>
  <testcase name="operationSortBy" time="0.562" classname="testScenarios.UrbanLadder"/>
  <testcase name="StudyChairprint" time="8.139" classname="testScenarios.UrbanLadder"/>
</testsuite> <!-- Smoke Test one -->
